[    0.000000] Initializing cgroup subsys cpuset
[    0.000000] Initializing cgroup subsys cpu
[    0.000000] Initializing cgroup subsys cpuacct
[    0.000000] Linux version 4.4.0-210-generic (buildd@lgw01-amd64-009) (gcc version 5.4.0 20160609 (Ubuntu 5.4.0-6ubuntu1~16.04.12) ) #242-Ubuntu SMP Fri Apr 16 09:57:56 UTC 2021 (Ubuntu 4.4.0-210.242-generic 4.4.262)
[    0.000000] Command line: BOOT_IMAGE=/boot/vmlinuz-4.4.0-210-generic root=LABEL=cloudimg-rootfs ro console=tty1 console=ttyS0
[    0.000000] KERNEL supported cpus:
[    0.000000]   Intel GenuineIntel
[    0.000000]   AMD AuthenticAMD
[    0.000000]   Centaur CentaurHauls
[    0.000000] [Firmware Bug]: TSC doesn't count with P0 frequency!
[    0.000000] x86/fpu: xstate_offset[2]:  576, xstate_sizes[2]:  256
[    0.000000] x86/fpu: Supporting XSAVE feature 0x01: 'x87 floating point registers'
[    0.000000] x86/fpu: Supporting XSAVE feature 0x02: 'SSE registers'
[    0.000000] x86/fpu: Supporting XSAVE feature 0x04: 'AVX registers'
[    0.000000] x86/fpu: Enabled xstate features 0x7, context size is 832 bytes, using 'standard' format.
[    0.000000] e820: BIOS-provided physical RAM map:
[    0.000000] BIOS-e820: [mem 0x0000000000000000-0x000000000009fbff] usable
[    0.000000] BIOS-e820: [mem 0x000000000009fc00-0x000000000009ffff] reserved
[    0.000000] BIOS-e820: [mem 0x00000000000f0000-0x00000000000fffff] reserved
[    0.000000] BIOS-e820: [mem 0x0000000000100000-0x000000003ffeffff] usable
[    0.000000] BIOS-e820: [mem 0x000000003fff0000-0x000000003fffffff] ACPI data
[    0.000000] BIOS-e820: [mem 0x00000000fec00000-0x00000000fec00fff] reserved
[    0.000000] BIOS-e820: [mem 0x00000000fee00000-0x00000000fee00fff] reserved
[    0.000000] BIOS-e820: [mem 0x00000000fffc0000-0x00000000ffffffff] reserved
[    0.000000] NX (Execute Disable) protection: active
[    0.000000] SMBIOS 2.5 present.
[    0.000000] Hypervisor detected: KVM
[    0.000000] Kernel/User page tables isolation: disabled
[    0.000000] e820: last_pfn = 0x3fff0 max_arch_pfn = 0x400000000
[    0.000000] MTRR: Disabled
[    0.000000] x86/PAT: MTRRs disabled, skipping PAT initialization too.
[    0.000000] CPU MTRRs all blank - virtualized system.
[    0.000000] x86/PAT: Configuration [0-7]: WB  WT  UC- UC  WB  WT  UC- UC  
[    0.000000] found SMP MP-table at [mem 0x0009fff0-0x0009ffff] mapped at [ffff88000009fff0]
[    0.000000] Scanning 1 areas for low memory corruption
[    0.000000] RAMDISK: [mem 0x362dc000-0x37165fff]
[    0.000000] ACPI: Early table checksum verification disabled
[    0.000000] ACPI: RSDP 0x00000000000E0000 000024 (v02 VBOX  )
[    0.000000] ACPI: XSDT 0x000000003FFF0030 00003C (v01 VBOX   VBOXXSDT 00000001 ASL  00000061)
[    0.000000] ACPI: FACP 0x000000003FFF00F0 0000F4 (v04 VBOX   VBOXFACP 00000001 ASL  00000061)
[    0.000000] ACPI: DSDT 0x000000003FFF0470 002325 (v02 VBOX   VBOXBIOS 00000002 INTL 20100528)
[    0.000000] ACPI: FACS 0x000000003FFF0200 000040
[    0.000000] ACPI: FACS 0x000000003FFF0200 000040
[    0.000000] ACPI: APIC 0x000000003FFF0240 00005C (v02 VBOX   VBOXAPIC 00000001 ASL  00000061)
[    0.000000] ACPI: SSDT 0x000000003FFF02A0 0001CC (v01 VBOX   VBOXCPUT 00000002 INTL 20100528)
[    0.000000] No NUMA configuration found
[    0.000000] Faking a node at [mem 0x0000000000000000-0x000000003ffeffff]
[    0.000000] NODE_DATA(0) allocated [mem 0x3ffeb000-0x3ffeffff]
[    0.000000] kvm-clock: Using msrs 4b564d01 and 4b564d00
[    0.000000] kvm-clock: cpu 0, msr 0:3ffe3001, primary cpu clock
[    0.000000] kvm-clock: using sched offset of 3086328588 cycles
[    0.000000] clocksource: kvm-clock: mask: 0xffffffffffffffff max_cycles: 0x1cd42e4dffb, max_idle_ns: 881590591483 ns
[    0.000000] Zone ranges:
[    0.000000]   DMA      [mem 0x0000000000001000-0x0000000000ffffff]
[    0.000000]   DMA32    [mem 0x0000000001000000-0x000000003ffeffff]
[    0.000000]   Normal   empty
[    0.000000]   Device   empty
[    0.000000] Movable zone start for each node
[    0.000000] Early memory node ranges
[    0.000000]   node   0: [mem 0x0000000000001000-0x000000000009efff]
[    0.000000]   node   0: [mem 0x0000000000100000-0x000000003ffeffff]
[    0.000000] Initmem setup node 0 [mem 0x0000000000001000-0x000000003ffeffff]
[    0.000000] ACPI: PM-Timer IO Port: 0x4008
[    0.000000] IOAPIC[0]: apic_id 2, version 32, address 0xfec00000, GSI 0-23
[    0.000000] ACPI: INT_SRC_OVR (bus 0 bus_irq 0 global_irq 2 dfl dfl)
[    0.000000] ACPI: INT_SRC_OVR (bus 0 bus_irq 9 global_irq 9 low level)
[    0.000000] Using ACPI (MADT) for SMP configuration information
[    0.000000] smpboot: Allowing 2 CPUs, 0 hotplug CPUs
[    0.000000] PM: Registered nosave memory: [mem 0x00000000-0x00000fff]
[    0.000000] PM: Registered nosave memory: [mem 0x0009f000-0x0009ffff]
[    0.000000] PM: Registered nosave memory: [mem 0x000a0000-0x000effff]
[    0.000000] PM: Registered nosave memory: [mem 0x000f0000-0x000fffff]
[    0.000000] e820: [mem 0x40000000-0xfebfffff] available for PCI devices
[    0.000000] Booting paravirtualized kernel on KVM
[    0.000000] clocksource: refined-jiffies: mask: 0xffffffff max_cycles: 0xffffffff, max_idle_ns: 7645519600211568 ns
[    0.000000] setup_percpu: NR_CPUS:512 nr_cpumask_bits:512 nr_cpu_ids:2 nr_node_ids:1
[    0.000000] PERCPU: Embedded 33 pages/cpu @ffff88003fc00000 s95192 r8192 d31784 u1048576
[    0.000000] Built 1 zonelists in Node order, mobility grouping on.  Total pages: 257912
[    0.000000] Policy zone: DMA32
[    0.000000] Kernel command line: BOOT_IMAGE=/boot/vmlinuz-4.4.0-210-generic root=LABEL=cloudimg-rootfs ro console=tty1 console=ttyS0
[    0.000000] PID hash table entries: 4096 (order: 3, 32768 bytes)
[    0.000000] Memory: 997792K/1048120K available (8644K kernel code, 1332K rwdata, 4044K rodata, 1492K init, 1164K bss, 50328K reserved, 0K cma-reserved)
[    0.000000] SLUB: HWalign=64, Order=0-3, MinObjects=0, CPUs=2, Nodes=1
[    0.000000] Hierarchical RCU implementation.
[    0.000000] 	Build-time adjustment of leaf fanout to 64.
[    0.000000] 	RCU restricting CPUs from NR_CPUS=512 to nr_cpu_ids=2.
[    0.000000] RCU: Adjusting geometry for rcu_fanout_leaf=64, nr_cpu_ids=2
[    0.000000] NR_IRQS:33024 nr_irqs:440 16
[    0.000000] Console: colour VGA+ 80x25
[    0.000000] console [tty1] enabled
[    0.000000] console [ttyS0] enabled
[    0.000000] tsc: Detected 3293.796 MHz processor
[    0.082316] Calibrating delay loop (skipped) preset value.. 6587.59 BogoMIPS (lpj=13175184)
[    0.083279] pid_max: default: 32768 minimum: 301
[    0.083786] ACPI: Core revision 20150930
[    0.084725] ACPI: 2 ACPI AML tables successfully acquired and loaded
[    0.085467] Security Framework initialized
[    0.085939] Yama: becoming mindful.
[    0.086384] AppArmor: AppArmor initialized
[    0.086932] Dentry cache hash table entries: 131072 (order: 8, 1048576 bytes)
[    0.087838] Inode-cache hash table entries: 65536 (order: 7, 524288 bytes)
[    0.089543] Mount-cache hash table entries: 2048 (order: 2, 16384 bytes)
[    0.090223] Mountpoint-cache hash table entries: 2048 (order: 2, 16384 bytes)
[    0.091035] Initializing cgroup subsys io
[    0.091504] Initializing cgroup subsys memory
[    0.091998] Initializing cgroup subsys devices
[    0.092493] Initializing cgroup subsys freezer
[    0.092987] Initializing cgroup subsys net_cls
[    0.093491] Initializing cgroup subsys perf_event
[    0.094014] Initializing cgroup subsys net_prio
[    0.094516] Initializing cgroup subsys hugetlb
[    0.095149] Initializing cgroup subsys pids
[    0.097244] mce: CPU supports 0 MCE banks
[    0.097731] Last level iTLB entries: 4KB 512, 2MB 512, 4MB 256
[    0.098349] Last level dTLB entries: 4KB 2048, 2MB 2048, 4MB 1024, 1GB 0
[    0.099026] Spectre V1 : Mitigation: usercopy/swapgs barriers and __user pointer sanitization
[    0.099965] Spectre V2 : Spectre mitigation: LFENCE not serializing, switching to generic retpoline
[    0.100940] Spectre V2 : Mitigation: Full generic retpoline
[    0.101538] Spectre V2 : Spectre v2 / SpectreRSB mitigation: Filling RSB on context switch
[    0.104792] Freeing SMP alternatives memory: 36K
[    0.110088] ftrace: allocating 32380 entries in 127 pages
[    0.150944] smpboot: APIC(0) Converting physical 0 to logical package 0
[    0.151704] smpboot: Max logical packages: 1
[    0.152377] x2apic enabled
[    0.152916] Switched APIC routing to physical x2apic.
[    0.154317] ..TIMER: vector=0x30 apic1=0 pin1=2 apic2=-1 pin2=-1
[    0.263058] APIC calibration not consistent with PM-Timer: 116ms instead of 100ms
[    0.264011] APIC delta adjusted to PM-Timer: 6400040 (7467644)
[    0.264700] smpboot: CPU0: AMD Ryzen 9 5900HS with Radeon Graphics (family: 0x19, model: 0x50, stepping: 0x0)
[    0.265889] Performance Events: Broken PMU hardware detected, using software events only.
[    0.266845] Failed to access perfctr msr (MSR c0010007 is 0)
[    0.272419] KVM setup paravirtual spinlock
[    0.273521] x86: Booting SMP configuration:
[    0.274006] .... node  #0, CPUs:      #1
[    0.274596] kvm-clock: cpu 1, msr 0:3ffe3041, secondary cpu clock
[    0.275240] mce: CPU supports 0 MCE banks
[    0.277541] x86: Booted up 1 node, 2 CPUs
[    0.278130] smpboot: Total of 2 processors activated (13175.18 BogoMIPS)
[    0.279224] devtmpfs: initialized
[    0.280544] evm: security.selinux
[    0.280980] evm: security.SMACK64
[    0.281421] evm: security.SMACK64EXEC
[    0.281875] evm: security.SMACK64TRANSMUTE
[    0.282348] evm: security.SMACK64MMAP
[    0.282786] evm: security.ima
[    0.283173] evm: security.capability
[    0.284499] clocksource: jiffies: mask: 0xffffffff max_cycles: 0xffffffff, max_idle_ns: 7645041785100000 ns
[    0.285526] futex hash table entries: 512 (order: 3, 32768 bytes)
[    0.286248] pinctrl core: initialized pinctrl subsystem
[    0.286948] RTC time: 10:55:03, date: 08/16/22
[    0.287603] NET: Registered protocol family 16
[    0.300592] cpuidle: using governor ladder
[    0.314309] cpuidle: using governor menu
[    0.314869] PCCT header not found.
[    0.315534] ACPI: bus type PCI registered
[    0.315997] acpiphp: ACPI Hot Plug PCI Controller Driver version: 0.5
[    0.316711] PCI: Using configuration type 1 for base access
[    0.317291] PCI: Using configuration type 1 for extended access
[    0.330458] ACPI: Added _OSI(Module Device)
[    0.331144] ACPI: Added _OSI(Processor Device)
[    0.331656] ACPI: Added _OSI(3.0 _SCP Extensions)
[    0.332185] ACPI: Added _OSI(Processor Aggregator Device)
[    0.333074] ACPI: Executed 1 blocks of module-level executable AML code
[    0.334744] ACPI: Interpreter enabled
[    0.335216] ACPI: (supports S0 S5)
[    0.335614] ACPI: Using IOAPIC for interrupt routing
[    0.336439] PCI: Using host bridge windows from ACPI; if necessary, use "pci=nocrs" and report a bug
[    0.339194] ACPI: PCI Root Bridge [PCI0] (domain 0000 [bus 00-ff])
[    0.339834] acpi PNP0A03:00: _OSC: OS supports [ExtendedConfig ASPM ClockPM Segments MSI]
[    0.341019] acpi PNP0A03:00: _OSC: platform does not support [PCIeCapability]
[    0.341907] acpi PNP0A03:00: _OSC: not requesting control; platform does not support [PCIeCapability]
[    0.342848] acpi PNP0A03:00: _OSC: OS requested [PCIeHotplug PME AER PCIeCapability]
[    0.343729] acpi PNP0A03:00: _OSC: platform willing to grant [PCIeHotplug PME AER]
[    0.344574] acpi PNP0A03:00: _OSC failed (AE_SUPPORT); disabling ASPM
[    0.345483] PCI host bridge to bus 0000:00
[    0.351071] pci_bus 0000:00: root bus resource [io  0x0000-0x0cf7 window]
[    0.351751] pci_bus 0000:00: root bus resource [io  0x0d00-0xffff window]
[    0.352424] pci_bus 0000:00: root bus resource [mem 0x000a0000-0x000bffff window]
[    0.353277] pci_bus 0000:00: root bus resource [mem 0x40000000-0xfdffffff window]
[    0.354125] pci_bus 0000:00: root bus resource [bus 00-ff]
[    0.355759] pci 0000:00:01.1: legacy IDE quirk: reg 0x10: [io  0x01f0-0x01f7]
[    0.356460] pci 0000:00:01.1: legacy IDE quirk: reg 0x14: [io  0x03f6]
[    0.357090] pci 0000:00:01.1: legacy IDE quirk: reg 0x18: [io  0x0170-0x0177]
[    0.357806] pci 0000:00:01.1: legacy IDE quirk: reg 0x1c: [io  0x0376]
[    0.365690] pci 0000:00:07.0: quirk: [io  0x4000-0x403f] claimed by PIIX4 ACPI
[    0.366556] pci 0000:00:07.0: quirk: [io  0x4100-0x410f] claimed by PIIX4 SMB
[    0.371348] ACPI: PCI Interrupt Link [LNKA] (IRQs 5 9 10 *11)
[    0.372366] ACPI: PCI Interrupt Link [LNKB] (IRQs 5 9 *10 11)
[    0.373283] ACPI: PCI Interrupt Link [LNKC] (IRQs 5 *9 10 11)
[    0.374176] ACPI: PCI Interrupt Link [LNKD] (IRQs 5 9 10 *11)
[    0.375093] ACPI: Enabled 2 GPEs in block 00 to 07
[    0.375871] vgaarb: setting as boot device: PCI:0000:00:02.0
[    0.376607] vgaarb: device added: PCI:0000:00:02.0,decodes=io+mem,owns=io+mem,locks=none
[    0.377633] vgaarb: loaded
[    0.378254] vgaarb: bridge control possible 0000:00:02.0
[    0.379111] SCSI subsystem initialized
[    0.379770] ACPI: bus type USB registered
[    0.380266] usbcore: registered new interface driver usbfs
[    0.380962] usbcore: registered new interface driver hub
[    0.381556] usbcore: registered new device driver usb
[    0.382316] PCI: Using ACPI for IRQ routing
[    0.383014] NetLabel: Initializing
[    0.383437] NetLabel:  domain hash size = 128
[    0.383952] NetLabel:  protocols = UNLABELED CIPSOv4
[    0.384499] NetLabel:  unlabeled traffic allowed by default
[    0.385226] amd_nb: Cannot enumerate AMD northbridges
[    0.385824] clocksource: Switched to clocksource kvm-clock
[    0.391295] AppArmor: AppArmor Filesystem Enabled
[    0.391963] pnp: PnP ACPI init
[    0.392822] pnp: PnP ACPI: found 3 devices
[    0.400520] clocksource: acpi_pm: mask: 0xffffff max_cycles: 0xffffff, max_idle_ns: 2085701024 ns
[    0.401685] NET: Registered protocol family 2
[    0.402477] TCP established hash table entries: 8192 (order: 4, 65536 bytes)
[    0.403208] TCP bind hash table entries: 8192 (order: 5, 131072 bytes)
[    0.403884] TCP: Hash tables configured (established 8192 bind 8192)
[    0.404574] UDP hash table entries: 512 (order: 2, 16384 bytes)
[    0.405184] UDP-Lite hash table entries: 512 (order: 2, 16384 bytes)
[    0.405861] NET: Registered protocol family 1
[    0.406384] pci 0000:00:00.0: Limiting direct PCI/PCI transfers
[    0.406990] pci 0000:00:01.0: Activating ISA DMA hang workarounds
[    0.408627] Unpacking initramfs...
[    0.545613] Freeing initrd memory: 14888K
[    0.546349] clocksource: tsc: mask: 0xffffffffffffffff max_cycles: 0x2f7a67c8fbd, max_idle_ns: 440795361557 ns
[    0.547422] platform rtc_cmos: registered platform RTC device (no PNP device found)
[    0.548294] Scanning for low memory corruption every 60 seconds
[    0.549176] audit: initializing netlink subsys (disabled)
[    0.549755] audit: type=2000 audit(1660647307.726:1): initialized
[    0.550544] Initialise system trusted keyring
[    0.551152] HugeTLB registered 2 MB page size, pre-allocated 0 pages
[    0.552390] zbud: loaded
[    0.552947] VFS: Disk quotas dquot_6.6.0
[    0.553543] VFS: Dquot-cache hash table entries: 512 (order 0, 4096 bytes)
[    0.554359] squashfs: version 4.0 (2009/01/31) Phillip Lougher
[    0.555889] fuse init (API version 7.23)
[    0.556449] Key type big_key registered
[    0.556915] Allocating IMA MOK and blacklist keyrings.
[    0.558360] Key type asymmetric registered
[    0.558957] Asymmetric key parser 'x509' registered
[    0.559561] Block layer SCSI generic (bsg) driver version 0.4 loaded (major 249)
[    0.560435] io scheduler noop registered
[    0.560908] io scheduler deadline registered (default)
[    0.561508] io scheduler cfq registered
[    0.562098] pci_hotplug: PCI Hot Plug PCI Core version: 0.5
[    0.562701] pciehp: PCI Express Hot Plug Controller Driver version: 0.4
[    0.563473] ACPI: AC Adapter [AC] (on-line)
[    0.563986] input: Power Button as /devices/LNXSYSTM:00/LNXPWRBN:00/input/input0
[    0.564823] ACPI: Power Button [PWRF]
[    0.565289] input: Sleep Button as /devices/LNXSYSTM:00/LNXSLPBN:00/input/input1
[    0.566130] ACPI: Sleep Button [SLPF]
[    0.566805] GHES: HEST is not enabled!
[    0.567199] ACPI: Battery Slot [BAT0] (battery present)
[    0.568002] Serial: 8250/16550 driver, 32 ports, IRQ sharing enabled
[    0.589012] 00:02: ttyS0 at I/O 0x3f8 (irq = 4, base_baud = 115200) is a 16550A
[    0.591339] Linux agpgart interface v0.103
[    0.592972] loop: module loaded
[    0.593689] scsi host0: ata_piix
[    0.594190] scsi host1: ata_piix
[    0.594606] ata1: PATA max UDMA/33 cmd 0x1f0 ctl 0x3f6 bmdma 0xd000 irq 14
[    0.595292] ata2: PATA max UDMA/33 cmd 0x170 ctl 0x376 bmdma 0xd008 irq 15
[    0.595999] libphy: Fixed MDIO Bus: probed
[    0.596470] tun: Universal TUN/TAP device driver, 1.6
[    0.597027] tun: (C) 1999-2004 Max Krasnyansky <maxk@qualcomm.com>
[    0.597693] PPP generic driver version 2.4.2
[    0.598226] ehci_hcd: USB 2.0 'Enhanced' Host Controller (EHCI) Driver
[    0.598869] ehci-pci: EHCI PCI platform driver
[    0.599359] ehci-platform: EHCI generic platform driver
[    0.599919] ohci_hcd: USB 1.1 'Open' Host Controller (OHCI) Driver
[    0.600532] ohci-pci: OHCI PCI platform driver
[    0.601025] ohci-platform: OHCI generic platform driver
[    0.601592] uhci_hcd: USB Universal Host Controller Interface driver
[    0.602387] i8042: PNP: PS/2 Controller [PNP0303:PS2K,PNP0f03:PS2M] at 0x60,0x64 irq 1,12
[    0.603827] serio: i8042 KBD port at 0x60,0x64 irq 1
[    0.604411] serio: i8042 AUX port at 0x60,0x64 irq 12
[    0.605170] mousedev: PS/2 mouse device common for all mice
[    0.606212] input: AT Translated Set 2 keyboard as /devices/platform/i8042/serio0/input/input2
[    0.607207] rtc_cmos rtc_cmos: rtc core: registered rtc_cmos as rtc0
[    0.607978] rtc_cmos rtc_cmos: alarms up to one day, 114 bytes nvram
[    0.608635] i2c /dev entries driver
[    0.609111] device-mapper: uevent: version 1.0.3
[    0.609681] device-mapper: ioctl: 4.34.0-ioctl (2015-10-28) initialised: dm-devel@redhat.com
[    0.610627] ledtrig-cpu: registered to indicate activity on CPUs
[    0.611579] NET: Registered protocol family 10
[    0.612304] NET: Registered protocol family 17
[    0.612836] Key type dns_resolver registered
[    0.613572] registered taskstats version 1
[    0.614056] Loading compiled-in X.509 certificates
[    0.614919] Loaded X.509 cert 'Build time autogenerated kernel key: cf00e047681d67edb2720680708b7d9498083038'
[    0.615975] zswap: loaded using pool lzo/zbud
[    0.617560] Key type trusted registered
[    0.619879] Key type encrypted registered
[    0.620473] AppArmor: AppArmor sha1 policy hashing enabled
[    0.621129] ima: No TPM chip found, activating TPM-bypass!
[    0.621707] ima: Allocated hash algorithm: sha1
[    0.622246] evm: HMAC attrs: 0x1
[    0.622868]   Magic number: 2:166:932
[    0.623363] rtc_cmos rtc_cmos: setting system clock to 2022-08-16 10:55:03 UTC (1660647303)
[    0.624335] BIOS EDD facility v0.16 2004-Jun-25, 0 devices found
[    0.624940] EDD information not available.
[    0.774186] Freeing unused kernel memory: 1492K
[    0.774846] Write protecting the kernel read-only data: 14336k
[    0.775718] Freeing unused kernel memory: 1584K
[    0.776341] Freeing unused kernel memory: 52K
Loading, please wait...
starting version 229
[    0.784941] random: systemd-udevd: uninitialized urandom read (16 bytes read, 2 bits of entropy available)
[    0.785332] random: udevadm: uninitialized urandom read (16 bytes read, 2 bits of entropy available)
[    0.785344] random: udevadm: uninitialized urandom read (16 bytes read, 2 bits of entropy available)
[    0.788240] random: systemd-udevd: uninitialized urandom read (16 bytes read, 2 bits of entropy available)
[    0.789238] random: systemd-udevd: uninitialized urandom read (16 bytes read, 2 bits of entropy available)
[    0.790330] random: systemd-udevd: uninitialized urandom read (16 bytes read, 2 bits of entropy available)
[    0.791217] random: udevadm: uninitialized urandom read (16 bytes read, 2 bits of entropy available)
[    0.791242] random: udevadm: uninitialized urandom read (16 bytes read, 2 bits of entropy available)
[    0.791314] random: udevadm: uninitialized urandom read (16 bytes read, 2 bits of entropy available)
[    0.791339] random: udevadm: uninitialized urandom read (16 bytes read, 2 bits of entropy available)
[    0.813796] e1000: Intel(R) PRO/1000 Network Driver - version 7.3.21-k8-NAPI
[    0.814621] e1000: Copyright (c) 1999-2006 Intel Corporation.
[    0.819631] Fusion MPT base driver 3.04.20
[    0.820184] Copyright (c) 1999-2008 LSI Corporation
[    0.825125] Fusion MPT SPI Host driver 3.04.20
[    0.827759] AVX2 version of gcm_enc/dec engaged.
[    0.828312] AES CTR mode by8 optimization enabled
[    1.030687] input: ImExPS/2 Generic Explorer Mouse as /devices/platform/i8042/serio1/input/input4
[    1.141063] e1000 0000:00:03.0 eth0: (PCI:33MHz:32-bit) 02:be:82:6b:cc:1d
[    1.141803] e1000 0000:00:03.0 eth0: Intel(R) PRO/1000 Network Connection
[    1.460737] e1000 0000:00:08.0 eth1: (PCI:33MHz:32-bit) 08:00:27:1e:5d:03
[    1.461488] e1000 0000:00:08.0 eth1: Intel(R) PRO/1000 Network Connection
[    1.462664] mptbase: ioc0: Initiating bringup
[    1.463606] e1000 0000:00:03.0 enp0s3: renamed from eth0
[    1.478974] e1000 0000:00:08.0 enp0s8: renamed from eth1
[    1.574809] ioc0: LSI53C1030 A0: Capabilities={Initiator}
[    2.007248] scsi host2: ioc0: LSI53C1030 A0, FwRev=00000000h, Ports=1, MaxQ=256, IRQ=20
[    2.950926] scsi 2:0:0:0: Direct-Access     VBOX     HARDDISK         1.0  PQ: 0 ANSI: 5
[    2.951952] scsi target2:0:0: Beginning Domain Validation
[    2.953284] scsi target2:0:0: Domain Validation skipping write tests
[    2.953943] scsi target2:0:0: Ending Domain Validation
[    2.954550] scsi target2:0:0: asynchronous
[    2.955308] scsi 2:0:1:0: Direct-Access     VBOX     HARDDISK         1.0  PQ: 0 ANSI: 5
[    2.956387] scsi target2:0:1: Beginning Domain Validation
[    2.957286] scsi target2:0:1: Domain Validation skipping write tests
[    2.957899] scsi target2:0:1: Ending Domain Validation
[    2.958460] scsi target2:0:1: asynchronous
[    2.962446] sd 2:0:0:0: [sda] 83886080 512-byte logical blocks: (42.9 GB/40.0 GiB)
[    2.963353] sd 2:0:0:0: Attached scsi generic sg0 type 0
[    2.963930] sd 2:0:0:0: [sda] Write Protect is off
[    2.964642] sd 2:0:1:0: Attached scsi generic sg1 type 0
[    2.964673] sd 2:0:0:0: [sda] Incomplete mode parameter data
[    2.964674] sd 2:0:0:0: [sda] Assuming drive cache: write through
[    2.965225] sd 2:0:1:0: [sdb] 20480 512-byte logical blocks: (10.5 MB/10.0 MiB)
[    2.967433] sd 2:0:1:0: [sdb] Write Protect is off
[    2.967996] sd 2:0:1:0: [sdb] Incomplete mode parameter data
[    2.968585] sd 2:0:1:0: [sdb] Assuming drive cache: write through
[    2.969994]  sda: sda1
[    2.970774] sd 2:0:0:0: [sda] Attached SCSI disk
[    2.971055] sd 2:0:1:0: [sdb] Attached SCSI disk
Begin: Loading essential drivers ... [    4.200444] md: linear personality registered for level -1
[    4.203173] md: multipath personality registered for level -4
[    4.205240] md: raid0 personality registered for level 0
[    4.207992] md: raid1 personality registered for level 1
[    4.278648] raid6: sse2x1   gen()  7506 MB/s
[    4.347059] raid6: sse2x1   xor() 13188 MB/s
[    4.414473] raid6: sse2x2   gen() 14841 MB/s
[    4.482640] raid6: sse2x2   xor() 17454 MB/s
[    4.550064] raid6: sse2x4   gen() 21457 MB/s
[    4.618075] raid6: sse2x4   xor() 11751 MB/s
[    4.686047] raid6: avx2x1   gen() 18208 MB/s
[    4.754445] raid6: avx2x2   gen() 34254 MB/s
[    4.822747] raid6: avx2x4   gen() 36994 MB/s
[    4.823299] raid6: using algorithm avx2x4 gen() 36994 MB/s
[    4.823866] raid6: using avx2x2 recovery algorithm
[    4.825063] xor: automatically using best checksumming function:
[    4.861866]    avx       : 18830.000 MB/sec
[    4.863102] async_tx: api initialized (async)
[    4.868437] md: raid6 personality registered for level 6
[    4.869048] md: raid5 personality registered for level 5
[    4.869735] md: raid4 personality registered for level 4
[    4.873589] md: raid10 personality registered for level 10
done.
Begin: Running /scripts/init-premount ... done.
Begin: Mounting root file system ... Begin: Running /scripts/local-top ... done.
Begin: Running /scripts/local-premount ... [    4.890699] Btrfs loaded
Scanning for Btrfs filesystems
done.
Warning: fsck not present, so skipping root file system
[    4.911106] EXT4-fs (sda1): mounted filesystem with ordered data mode. Opts: (null)
done.
Begin: Running /scripts/local-bottom ... done.
Begin: Running /scripts/init-bottom ... done.
[    4.974509] systemd[1]: systemd 229 running in system mode. (+PAM +AUDIT +SELINUX +IMA +APPARMOR +SMACK +SYSVINIT +UTMP +LIBCRYPTSETUP +GCRYPT +GNUTLS +ACL +XZ -LZ4 +SECCOMP +BLKID +ELFUTILS +KMOD -IDN)
[    4.976600] systemd[1]: Detected virtualization oracle.
[    4.977213] systemd[1]: Detected architecture x86-64.

Welcome to [1mUbuntu 16.04.7 LTS[0m!

[    4.980273] systemd[1]: Set hostname to <ubuntu-xenial>.
[    5.059758] systemd[1]: Set up automount Arbitrary Executable File Formats File System Automount Point.
[[0;32m  OK  [0m] Set up automount Arbitrary Executab...ats File System Automount Point.
[    5.061752] systemd[1]: Created slice User and Session Slice.
[[0;32m  OK  [0m] Created slice User and Session Slice.
[    5.062933] systemd[1]: Listening on Journal Socket (/dev/log).
[[0;32m  OK  [0m] Listening on Journal Socket (/dev/log).
[    5.064108] systemd[1]: Started Forward Password Requests to Wall Directory Watch.
[[0;32m  OK  [0m] Started Forward Password Requests to Wall Directory Watch.
[    5.065622] systemd[1]: Listening on udev Control Socket.
[[0;32m  OK  [0m] Listening on udev Control Socket.
[    5.066673] systemd[1]: Listening on fsck to fsckd communication Socket.
[[0;32m  OK  [0m] Listening on fsck to fsckd communication Socket.
[    5.067939] systemd[1]: Listening on udev Kernel Socket.
[[0;32m  OK  [0m] Listening on udev Kernel Socket.
[    5.068992] systemd[1]: Reached target Encrypted Volumes.
[[0;32m  OK  [0m] Reached target Encrypted Volumes.
[    5.070034] systemd[1]: Listening on Journal Socket.
[[0;32m  OK  [0m] Listening on Journal Socket.
[    5.071150] systemd[1]: Started Trigger resolvconf update for networkd DNS.
[[0;32m  OK  [0m] Started Trigger resolvconf update for networkd DNS.
[    5.072433] systemd[1]: Reached target User and Group Name Lookups.
[[0;32m  OK  [0m] Reached target User and Group Name Lookups.
[    5.073620] systemd[1]: Reached target Swap.
[[0;32m  OK  [0m] Reached target Swap.
[    5.074575] systemd[1]: Listening on Journal Audit Socket.
[[0;32m  OK  [0m] Listening on Journal Audit Socket.
[    5.075663] systemd[1]: Listening on LVM2 poll daemon socket.
[[0;32m  OK  [0m] Listening on LVM2 poll daemon socket.
[    5.076774] systemd[1]: Listening on Syslog Socket.
[[0;32m  OK  [0m] Listening on Syslog Socket.
[    5.077728] systemd[1]: Listening on /dev/initctl Compatibility Named Pipe.
[[0;32m  OK  [0m] Listening on /dev/initctl Compatibility Named Pipe.
[    5.079009] systemd[1]: Listening on Device-mapper event daemon FIFOs.
[[0;32m  OK  [0m] Listening on Device-mapper event daemon FIFOs.
[    5.080443] systemd[1]: Created slice System Slice.
[[0;32m  OK  [0m] Created slice System Slice.
[    5.081444] systemd[1]: Reached target Slices.
[[0;32m  OK  [0m] Reached target Slices.
[    5.515457] systemd[1]: Mounting Debug File System...
         Mounting Debug File System...
[    5.516942] systemd[1]: Starting Uncomplicated firewall...
         Starting Uncomplicated firewall...
[    5.518398] systemd[1]: Mounting Huge Pages File System...
         Mounting Huge Pages File System...
[    5.521440] systemd[1]: Starting File System Check on Root Device...
         Starting File System Check on Root Device...
[    5.523788] systemd[1]: Starting Nameserver information manager...
         Starting Nameserver information manager...
[    5.525738] systemd[1]: Starting Set console keymap...
         Starting Set console keymap...
[    5.527321] systemd[1]: Mounting POSIX Message Queue File System...
         Mounting POSIX Message Queue File System...
[    5.529930] systemd[1]: Starting Create list of required static device nodes for the current kernel...
         Starting Create list of required st... nodes for the current kernel...
[    5.534217] systemd[1]: Starting Load Kernel Modules...
         Starting Load Kernel Modules...
[    5.536221] systemd[1]: Created slice system-serial\x2dgetty.slice.
[[0;32m  OK  [0m] Created slice system-serial\x2dgetty.slice.
[    5.538597] systemd[1]: Reached target System Time Synchronized.
[[0;32m  OK  [0m] Reached target System Time Synchronized.
[    5.539983] systemd[1]: Listening on LVM2 metadata daemon socket.
[[0;32m  OK  [0m] Listening on LVM2 metadata daemon socket.
[    5.541536] systemd[1]: Starting Monitoring of LVM2 mirrors, snapshots etc. using dmeventd or progress polling...
         Starting Monitoring of LVM2 mirrors... dmeventd or progress polling...
[    5.543750] systemd[1]: Starting Journal Service...
         Starting Journal Service...
[    5.545622] systemd[1]: Mounted Huge Pages File System.
[[0;32m  OK  [0m] Mounted Huge Pages File System.
[    5.549312] Loading iSCSI transport class v2.0-870.
[    5.554505] systemd[1]: Mounted POSIX Message Queue File System.
[[0;32m  OK  [0m] Mounted POSIX Message Queue File System.
[    5.555755] systemd[1]: Mounted Debug File System.
[[0;32m  OK  [0m] Mounted Debug File System.
[    5.557165] systemd[1]: Started Uncomplicated firewall.
[[0;32m  OK  [0m] Started Uncomplicated firewall.
[    5.558987] systemd[1]: Started File System Check on Root Device.
[[0;32m  OK  [0m] Started File System Check on Root Device.
[    5.560864] systemd[1]: Started Create list of required static device nodes for the current kernel.
[[0;32m  OK  [0m] Started Create list of required sta...ce nodes for the current kernel.
[    5.566542] systemd[1]: Started Nameserver information manager.
[[0;32m  OK  [0m] Started Nameserver information manager.
[    5.568873] systemd[1]: Started File System Check Daemon to report status.
[[0;32m  OK  [0m] Started File System Check Daemon to report status.
[    5.571751] iscsi: registered transport (tcp)
[    5.573043] systemd[1]: Starting Create Static Device Nodes in /dev...
         Starting Create Static Device Nodes in /dev...
[    5.586562] systemd[1]: Starting Remount Root and Kernel File Systems...
         Starting Remount Root and Kernel File Systems...
[    5.588863] systemd[1]: Started Journal Service.
[[0;32m  OK  [0m] Started Journal Service.
[[0;32m  OK  [0m] Started Set console keymap.
[[0;32m  OK  [0m] Started Create Static Device Nodes in /dev.
[[0;32m  OK  [0m] Started LVM2 metadata daemon.
         Starting udev Kernel Device Manager...
[    5.596333] EXT4-fs (sda1): re-mounted. Opts: (null)
[[0;32m  OK  [0m] Started Remount Root and Kernel File Systems.
[    5.602015] iscsi: registered transport (iser)
[[0;32m  OK  [0m] Started Load Kernel Modules.
         Mounting FUSE Control File System...
         Starting Apply Kernel Variables...
         Starting Flush Journal to Persistent Storage...
         Starting Load/Save Random Seed...
         Starting udev Coldplug all Devices...
[[0;32m  OK  [0m] Mounted FUSE Control File System.
[[0;32m  OK  [0m] Started udev Kernel Device Manager.
[[0;32m  OK  [0m] Started Load/Save Random Seed.
[    5.634261] systemd-journald[406]: Received request to flush runtime journal from PID 1
[[0;32m  OK  [0m] Started Flush Journal to Persistent Storage.
[[0;32m  OK  [0m] Started Apply Kernel Variables.
[[0;32m  OK  [0m] Started udev Coldplug all Devices.
[[0;32m  OK  [0m] Started Dispatch Password Requests to Console Directory Watch.
[[0;32m  OK  [0m] Found device /dev/ttyS0.
[[0;32m  OK  [0m] Found device 82540EM Gigabit Ethern...r (PRO/1000 MT Desktop Adapter).
[[0;32m  OK  [0m] Listening on Load/Save RF Kill Switch Status /dev/rfkill Watch.
[[0;32m  OK  [0m] Found device 82540EM Gigabit Ethern...r (PRO/1000 MT Desktop Adapter).
[[0;32m  OK  [0m] Started Monitoring of LVM2 mirrors,...ng dmeventd or progress polling.
[[0;32m  OK  [0m] Reached target Local File Systems (Pre).
[[0;32m  OK  [0m] Reached target Local File Systems.
         Starting Initial cloud-init job (pre-networking)...
         Starting LSB: AppArmor initialization...
         Starting Tell Plymouth To Write Out Runtime Data...
         Starting Set console font and keymap...
         Starting Create Volatile Files and Directories...
[[0;32m  OK  [0m] Started Tell Plymouth To Write Out Runtime Data.
[[0;32m  OK  [0m] Started LSB: AppArmor initialization.
         Starting Load AppArmor profiles managed internally by snapd...
[[0;32m  OK  [0m] Started Create Volatile Files and Directories.
[[0;32m  OK  [0m] Started Load AppArmor profiles managed internally by snapd.
         Starting Update UTMP about System Boot/Shutdown...
[[0;32m  OK  [0m] Started Update UTMP about System Boot/Shutdown.
[[0;32m  OK  [0m] Started Set console font and keymap.
[[0;32m  OK  [0m] Created slice system-getty.slice.
[    6.268714] cloud-init[609]: Cloud-init v. 21.1-19-gbad84ad4-0ubuntu1~16.04.2 running 'init-local' at Tue, 16 Aug 2022 10:55:09 +0000. Up 6.10 seconds.
[[0;32m  OK  [0m] Started Initial cloud-init job (pre-networking).
[[0;32m  OK  [0m] Reached target Network (Pre).
[[0;32m  OK  [0m] Started ifup for enp0s8.
         Starting Raise network interfaces...
[[0;32m  OK  [0m] Started ifup for enp0s3.
[[0;32m  OK  [0m] Started Raise network interfaces.
         Starting Initial cloud-init job (metadata service crawler)...
[[0;32m  OK  [0m] Reached target Network.
[    6.744643] cloud-init[1089]: Cloud-init v. 21.1-19-gbad84ad4-0ubuntu1~16.04.2 running 'init' at Tue, 16 Aug 2022 10:55:09 +0000. Up 6.60 seconds.
[    6.745687] cloud-init[1089]: ci-info: ++++++++++++++++++++++++++++++++++++++Net device info+++++++++++++++++++++++++++++++++++++++
[    6.746505] cloud-init[1089]: ci-info: +--------+------+-----------------------------+---------------+--------+-------------------+
[    6.747376] cloud-init[1089]: ci-info: | Device |  Up  |           Address           |      Mask     | Scope  |     Hw-Address    |
[    6.748340] cloud-init[1089]: ci-info: +--------+------+-----------------------------+---------------+--------+-------------------+
[    6.749105] cloud-init[1089]: ci-info: | enp0s3 | True |          10.0.2.15          | 255.255.255.0 | global | 02:be:82:6b:cc:1d |
[    6.749865] cloud-init[1089]: ci-info: | enp0s3 | True |  fe80::be:82ff:fe6b:cc1d/64 |       .       |  link  | 02:be:82:6b:cc:1d |
[    6.750631] cloud-init[1089]: ci-info: | enp0s8 | True |        192.168.10.100       | 255.255.255.0 | global | 08:00:27:1e:5d:03 |
[    6.751420] cloud-init[1089]: ci-info: | enp0s8 | True | fe80::a00:27ff:fe1e:5d03/64 |       .       |  link  | 08:00:27:1e:5d:03 |
[    6.752233] cloud-init[1089]: ci-info: |   lo   | True |          127.0.0.1          |   255.0.0.0   |  host  |         .         |
[    6.753042] cloud-init[1089]: ci-info: |   lo   | True |           ::1/128           |       .       |  host  |         .         |
[    6.753853] cloud-init[1089]: ci-info: +--------+------+-----------------------------+---------------+--------+-------------------+
[    6.754678] cloud-init[1089]: ci-info: ++++++++++++++++++++++++++++Route IPv4 info++++++++++++++++++++++++++++
[    6.760783] cloud-init[1089]: ci-info: +-------+--------------+----------+---------------+-----------+-------+
[    6.761510] cloud-init[1089]: ci-info: | Route | Destination  | Gateway  |    Genmask    | Interface | Flags |
[    6.762194] cloud-init[1089]: ci-info: +-------+--------------+----------+---------------+-----------+-------+
[    6.762933] cloud-init[1089]: ci-info: |   0   |   0.0.0.0    | 10.0.2.2 |    0.0.0.0    |   enp0s3  |   UG  |
[    6.763682] cloud-init[1089]: ci-info: |   1   |   10.0.2.0   | 0.0.0.0  | 255.255.255.0 |   enp0s3  |   U   |
[    6.772514] cloud-init[1089]: ci-info: |   2   | 192.168.10.0 | 0.0.0.0  | 255.255.255.0 |   enp0s8  |   U   |
[    6.773275] cloud-init[1089]: ci-info: +-------+--------------+----------+---------------+-----------+-------+
[    6.780353] cloud-init[1089]: ci-info: +++++++++++++++++++Route IPv6 info+++++++++++++++++++
[    6.781121] cloud-init[1089]: ci-info: +-------+-------------+---------+-----------+-------+
[    6.781839] cloud-init[1089]: ci-info: | Route | Destination | Gateway | Interface | Flags |
[    6.782536] cloud-init[1089]: ci-info: +-------+-------------+---------+-----------+-------+
[    6.783187] cloud-init[1089]: ci-info: |   0   |  fe80::/64  |    ::   |   enp0s8  |   U   |
[    6.783808] cloud-init[1089]: ci-info: |   1   |  fe80::/64  |    ::   |   enp0s3  |   U   |
[    6.793002] cloud-init[1089]: ci-info: |   4   |   ff00::/8  |    ::   |   enp0s8  |   U   |
[[0;32m  OK  [0m] Started Initial cloud-init job (metadata service crawler).
[    6.800803] cloud-init[1089]: [[0;32m  OK  [0m] Reached target Cloud-config availability.
[[0;32m  OK  [0m] Reached target Network is Online.
ci-info: |   5   |   ff00::/8  |    ::   |   enp0s3  |   U   |
[    6.802488] cloud-init[1089]: ci-info: +-------+-------------+---------+-----------+-------+
         Starting iSCSI initiator daemon (iscsid)...
[[0;32m  OK  [0m] Reached target System Initialization.
[[0;32m  OK  [0m] Started ACPI Events Check.
[[0;32m  OK  [0m] Reached target Paths.
[[0;32m  OK  [0m] Listening on D-Bus System Message Bus Socket.
[[0;32m  OK  [0m] Started Daily apt download activities.
         Starting Socket activation for snappy daemon.
[[0;32m  OK  [0m] Started Daily apt upgrade and clean activities.
         Starting LXD - unix socket.
[[0;32m  OK  [0m] Started Daily Cleanup of Temporary Directories.
[[0;32m  OK  [0m] Started Ubuntu Advantage Timer for running repeated jobs.
[[0;32m  OK  [0m] Listening on UUID daemon activation socket.
[[0;32m  OK  [0m] Started Message of the Day.
[[0;32m  OK  [0m] Reached target Timers.
[[0;32m  OK  [0m] Listening on ACPID Listen Socket.
[[0;32m  OK  [0m] Listening on Socket activation for snappy daemon.
[[0;32m  OK  [0m] Listening on LXD - unix socket.
[[0;32m  OK  [0m] Started iSCSI initiator daemon (iscsid).
         Starting Login to default iSCSI targets...
[[0;32m  OK  [0m] Reached target Sockets.
[[0;32m  OK  [0m] Reached target Basic System.
         Starting LSB: Record successful boot for GRUB...
         Starting Login Service...
[[0;32m  OK  [0m] Started Deferred execution scheduler.
         Starting System Logging Service...
[[0;32m  OK  [0m] Started D-Bus System Message Bus.
         Starting /etc/rc.local Compatibility...
         Starting A high performance web server and a reverse proxy server...
         Starting Accounts Service...
         Starting LXD - container startup/shutdown...
[[0;32m  OK  [0m] Started FUSE filesystem for LXC.
         Starting OpenBSD Secure Shell server...
[[0;32m  OK  [0m] Started Regular background program processing daemon.
         Starting LSB: MD monitoring daemon...
         Starting Snap Daemon...
[[0;32m  OK  [0m] Started ACPI event daemon.
         Starting Virtualbox guest utils...
[[0;32m  OK  [0m] Started System Logging Service.
[[0;32m  OK  [0m] Started /etc/rc.local Compatibility.
[[0;32m  OK  [0m] Started LSB: Record successful boot for GRUB.
[[0;32m  OK  [0m] Started LSB: MD monitoring daemon.
[[0;32m  OK  [0m] Started Login Service.
[[0;32m  OK  [0m] Started Unattended Upgrades Shutdown.
[[0;32m  OK  [0m] Started Login to default iSCSI targets.
[[0;32m  OK  [0m] Started OpenBSD Secure Shell server.
[[0;32m  OK  [0m] Reached target Remote File Systems (Pre).
         Mounting /home/vagrant/app...
[[0;1;31mFAILED[0m] Failed to mount /home/vagrant/app.
See 'systemctl status home-vagrant-app.mount' for details.
[[0;1;33mDEPEND[0m] Dependency failed for Remote File Systems.
         Starting LSB: daemon to balance interrupts for SMP systems...
         Starting Permit User Sessions...
         Starting LSB: automatic crash report generation...
         Starting LSB: Set the CPU Frequency Scaling governor to "ondemand"...
[[0;32m  OK  [0m] Started Permit User Sessions.
         Starting Terminate Plymouth Boot Screen...
         Starting Hold until boot process finishes up...
[[0;32m  OK  [0m] Started Hold until boot process finishes up.
[[0;32m  OK  [0m] Started Serial Getty on ttyS0.
[[0;32m  OK  [0m] Started Getty on tty1.
[[0;32m  OK  [0m] Reached target Login Prompts.
         Starting Set console scheme...
[[0;32m  OK  [0m] Started Set console scheme.
[[0;32m  OK  [0m] Started Terminate Plymouth Boot Screen.
[[0;32m  OK  [0m] Started LSB: Set the CPU Frequency Scaling governor to "ondemand".
[[0;32m  OK  [0m] Started LSB: daemon to balance interrupts for SMP systems.
         Starting Authenticate and Authorize Users to Run Privileged Tasks...
[[0;32m  OK  [0m] Started LSB: automatic crash report generation.
[[0;32m  OK  [0m] Started Authenticate and Authorize Users to Run Privileged Tasks.
[[0;32m  OK  [0m] Started A high performance web server and a reverse proxy server.
[[0;32m  OK  [0m] Started Virtualbox guest utils.
[[0;32m  OK  [0m] Started Accounts Service.
[[0;32m  OK  [0m] Started LXD - container startup/shutdown.
[[0;32m  OK  [0m] Started Snap Daemon.
         Starting Wait until snapd is fully seeded...
[[0;32m  OK  [0m] Started Wait until snapd is fully seeded.
         Starting Apply the settings specified in cloud-config...
[    7.412903] cloud-init[1349]: Cloud-init v. 21.1-19-gbad84ad4-0ubuntu1~16.04.2 running 'modules:config' at Tue, 16 Aug 2022 10:55:10 +0000. Up 7.35 seconds.
[[0;32m  OK  [0m] Started Apply the settings specified in cloud-config.
         Starting cloud-id shim...
[[0;32m  OK  [0m] Started cloud-id shim.
[[0;32m  OK  [0m] Reached target Multi-User System.
         Starting Execute cloud user/final scripts...
[[0;32m  OK  [0m] Reached target Graphical Interface.
         Starting Update UTMP about System Runlevel Changes...
[[0;32m  OK  [0m] Started Update UTMP about System Runlevel Changes.
[    7.857869] cloud-init[1365]: Cloud-init v. 21.1-19-gbad84ad4-0ubuntu1~16.04.2 running 'modules:final' at Tue, 16 Aug 2022 10:55:10 +0000. Up 7.79 seconds.
[    7.858920] cloud-init[1365]: Cloud-init v. 21.1-19-gbad84ad4-0ubuntu1~16.04.2 finished at Tue, 16 Aug 2022 10:55:10 +0000. Datasource DataSourceNoCloud [seed=/dev/sdb][dsmode=net].  Up 7.85 seconds
[[0;32m  OK  [0m] Started Execute cloud user/final scripts.
[[0;32m  OK  [0m] Reached target Cloud-init target.

Ubuntu 16.04.7 LTS ubuntu-xenial ttyS0

ubuntu-xenial login: 